<?xml version="1.0" encoding="UTF-8"?>
<!-- Generated by org.testng.reporters.JUnitReportReporter -->
<testsuite hostname="DESKTOP-6SCDH8C" failures="0" tests="1" name="com.Facebook.Testcases.OrangeHrmtApply" time="46.817" errors="0" timestamp="2022-12-09T16:02:32 PST" skipped="0">
  <testcase classname="com.Facebook.Testcases.OrangeHrmtApply" name="Applytest" time="46.817"/>
  <system-out/>
</testsuite> <!-- com.Facebook.Testcases.OrangeHrmtApply -->
