<?xml version="1.0" encoding="UTF-8"?>
<!-- Generated by org.testng.reporters.JUnitReportReporter -->
<testsuite hostname="DESKTOP-6SCDH8C" failures="0" tests="1" name="com.OrangeHRMLeaveTest.ApplyTest.ApplyleaveTest" time="91.335" errors="0" timestamp="2023-01-25T12:43:43 PST" skipped="0">
  <testcase classname="com.OrangeHRMLeaveTest.ApplyTest.ApplyleaveTest" name="OrangeHRM_leave" time="91.335"/>
  <system-out/>
</testsuite> <!-- com.OrangeHRMLeaveTest.ApplyTest.ApplyleaveTest -->
