<?xml version="1.0" encoding="UTF-8"?>
<!-- Generated by org.testng.reporters.JUnitReportReporter -->
<testsuite hostname="DESKTOP-6SCDH8C" failures="0" tests="1" name="com.Facebook.Testcases.Banklogintest" time="100.885" errors="0" timestamp="2023-02-22T07:52:06 PST" skipped="0">
  <testcase classname="com.Facebook.Testcases.Banklogintest" name="Banklogintestcase" time="100.885"/>
  <system-out/>
</testsuite> <!-- com.Facebook.Testcases.Banklogintest -->
