<?xml version="1.0" encoding="UTF-8"?>
<!-- Generated by org.testng.reporters.JUnitReportReporter -->
<testsuite hostname="DESKTOP-6SCDH8C" failures="0" tests="1" name="alltest.FacebookSignupTest" time="3.609" errors="0" timestamp="2022-11-14T05:56:28 PST" skipped="0">
  <testcase classname="alltest.FacebookSignupTest" name="testcase" time="3.609"/>
  <system-out/>
</testsuite> <!-- alltest.FacebookSignupTest -->
