<?xml version="1.0" encoding="UTF-8"?>
<!-- Generated by org.testng.reporters.JUnitReportReporter -->
<testsuite hostname="DESKTOP-6SCDH8C" failures="0" tests="1" name="com.Facebook.Testcases.TC001_UserLoginTest" time="13.372" errors="0" timestamp="2022-11-24T05:57:22 PST" skipped="0">
  <testcase classname="com.Facebook.Testcases.TC001_UserLoginTest" name="loginTest" time="13.372"/>
  <system-out/>
</testsuite> <!-- com.Facebook.Testcases.TC001_UserLoginTest -->
