<?xml version="1.0" encoding="UTF-8"?>
<!-- Generated by org.testng.reporters.JUnitReportReporter -->
<testsuite hostname="DESKTOP-6SCDH8C" failures="0" tests="1" name="com.Facebook.Testcases.TC004_Privacypolicy" time="6.358" errors="0" timestamp="2022-11-19T22:34:49 PST" skipped="0">
  <testcase classname="com.Facebook.Testcases.TC004_Privacypolicy" name="linkprivacypolicyTestcase" time="6.358"/>
  <system-out/>
</testsuite> <!-- com.Facebook.Testcases.TC004_Privacypolicy -->
